{"/Users/eliaberthier/Desktop/DWWM/seniorlove/seniorlove-back/senior-love-back/src/config/database.js": {"path":"/Users/eliaberthier/Desktop/DWWM/seniorlove/seniorlove-back/senior-love-back/src/config/database.js","statementMap":{"0":{"start":{"line":5,"column":25},"end":{"line":13,"column":1}},"1":{"start":{"line":15,"column":0},"end":{"line":20,"column":3}},"2":{"start":{"line":16,"column":4},"end":{"line":16,"column":35}},"3":{"start":{"line":17,"column":4},"end":{"line":17,"column":65}},"4":{"start":{"line":19,"column":4},"end":{"line":19,"column":63}}},"fnMap":{},"branchMap":{},"s":{"0":1,"1":1,"2":1,"3":1,"4":0},"f":{},"b":{},"_coverageSchema":"1a1c01bbd47fc00a2c39e90264f33305004495a9","hash":"5f5094d4240ade21505512de52f28bce502cb5fb"}
,"/Users/eliaberthier/Desktop/DWWM/seniorlove/seniorlove-back/senior-love-back/src/controllers/auth.controller.js": {"path":"/Users/eliaberthier/Desktop/DWWM/seniorlove/seniorlove-back/senior-love-back/src/controllers/auth.controller.js","statementMap":{"0":{"start":{"line":8,"column":21},"end":{"line":14,"column":1}},"1":{"start":{"line":9,"column":2},"end":{"line":13,"column":5}},"2":{"start":{"line":16,"column":18},"end":{"line":16,"column":40}},"3":{"start":{"line":18,"column":30},"end":{"line":181,"column":1}},"4":{"start":{"line":22,"column":151},"end":{"line":22,"column":159}},"5":{"start":{"line":25,"column":4},"end":{"line":27,"column":5}},"6":{"start":{"line":26,"column":6},"end":{"line":26,"column":99}},"7":{"start":{"line":30,"column":27},"end":{"line":30,"column":50}},"8":{"start":{"line":31,"column":4},"end":{"line":37,"column":28}},"9":{"start":{"line":40,"column":4},"end":{"line":44,"column":5}},"10":{"start":{"line":41,"column":6},"end":{"line":43,"column":9}},"11":{"start":{"line":47,"column":25},"end":{"line":53,"column":6}},"12":{"start":{"line":55,"column":4},"end":{"line":57,"column":5}},"13":{"start":{"line":56,"column":6},"end":{"line":56,"column":91}},"14":{"start":{"line":60,"column":27},"end":{"line":60,"column":54}},"15":{"start":{"line":64,"column":20},"end":{"line":81,"column":6}},"16":{"start":{"line":84,"column":4},"end":{"line":95,"column":5}},"17":{"start":{"line":86,"column":25},"end":{"line":90,"column":8}},"18":{"start":{"line":94,"column":6},"end":{"line":94,"column":42}},"19":{"start":{"line":98,"column":4},"end":{"line":98,"column":25}},"20":{"start":{"line":101,"column":23},"end":{"line":101,"column":45}},"21":{"start":{"line":102,"column":23},"end":{"line":102,"column":62}},"22":{"start":{"line":103,"column":18},"end":{"line":103,"column":61}},"23":{"start":{"line":107,"column":4},"end":{"line":112,"column":7}},"24":{"start":{"line":118,"column":32},"end":{"line":118,"column":40}},"25":{"start":{"line":121,"column":4},"end":{"line":123,"column":5}},"26":{"start":{"line":122,"column":6},"end":{"line":122,"column":89}},"27":{"start":{"line":126,"column":17},"end":{"line":132,"column":6}},"28":{"start":{"line":134,"column":4},"end":{"line":136,"column":5}},"29":{"start":{"line":135,"column":6},"end":{"line":135,"column":74}},"30":{"start":{"line":139,"column":28},"end":{"line":139,"column":72}},"31":{"start":{"line":140,"column":4},"end":{"line":142,"column":5}},"32":{"start":{"line":141,"column":6},"end":{"line":141,"column":74}},"33":{"start":{"line":145,"column":20},"end":{"line":150,"column":5}},"34":{"start":{"line":153,"column":23},"end":{"line":153,"column":42}},"35":{"start":{"line":154,"column":23},"end":{"line":154,"column":62}},"36":{"start":{"line":155,"column":18},"end":{"line":155,"column":61}},"37":{"start":{"line":157,"column":4},"end":{"line":157,"column":40}},"38":{"start":{"line":160,"column":4},"end":{"line":165,"column":7}},"39":{"start":{"line":170,"column":4},"end":{"line":174,"column":5}},"40":{"start":{"line":171,"column":6},"end":{"line":171,"column":87}},"41":{"start":{"line":173,"column":6},"end":{"line":173,"column":57}},"42":{"start":{"line":178,"column":4},"end":{"line":178,"column":48}},"43":{"start":{"line":179,"column":4},"end":{"line":179,"column":47}}},"fnMap":{"0":{"name":"(anonymous_0)","decl":{"start":{"line":8,"column":21},"end":{"line":8,"column":22}},"loc":{"start":{"line":8,"column":31},"end":{"line":14,"column":1}},"line":8},"1":{"name":"(anonymous_1)","decl":{"start":{"line":21,"column":2},"end":{"line":21,"column":3}},"loc":{"start":{"line":21,"column":25},"end":{"line":113,"column":3}},"line":21},"2":{"name":"(anonymous_2)","decl":{"start":{"line":117,"column":2},"end":{"line":117,"column":3}},"loc":{"start":{"line":117,"column":25},"end":{"line":167,"column":3}},"line":117},"3":{"name":"(anonymous_3)","decl":{"start":{"line":169,"column":2},"end":{"line":169,"column":3}},"loc":{"start":{"line":169,"column":29},"end":{"line":175,"column":3}},"line":169},"4":{"name":"(anonymous_4)","decl":{"start":{"line":177,"column":2},"end":{"line":177,"column":3}},"loc":{"start":{"line":177,"column":24},"end":{"line":180,"column":3}},"line":177}},"branchMap":{"0":{"loc":{"start":{"line":25,"column":4},"end":{"line":27,"column":5}},"type":"if","locations":[{"start":{"line":25,"column":4},"end":{"line":27,"column":5}},{"start":{},"end":{}}],"line":25},"1":{"loc":{"start":{"line":25,"column":8},"end":{"line":25,"column":117}},"type":"binary-expr","locations":[{"start":{"line":25,"column":8},"end":{"line":25,"column":14}},{"start":{"line":25,"column":18},"end":{"line":25,"column":27}},{"start":{"line":25,"column":31},"end":{"line":25,"column":41}},{"start":{"line":25,"column":45},"end":{"line":25,"column":52}},{"start":{"line":25,"column":56},"end":{"line":25,"column":60}},{"start":{"line":25,"column":64},"end":{"line":25,"column":71}},{"start":{"line":25,"column":75},"end":{"line":25,"column":83}},{"start":{"line":25,"column":87},"end":{"line":25,"column":91}},{"start":{"line":25,"column":95},"end":{"line":25,"column":100}},{"start":{"line":25,"column":104},"end":{"line":25,"column":117}}],"line":25},"2":{"loc":{"start":{"line":40,"column":4},"end":{"line":44,"column":5}},"type":"if","locations":[{"start":{"line":40,"column":4},"end":{"line":44,"column":5}},{"start":{},"end":{}}],"line":40},"3":{"loc":{"start":{"line":55,"column":4},"end":{"line":57,"column":5}},"type":"if","locations":[{"start":{"line":55,"column":4},"end":{"line":57,"column":5}},{"start":{},"end":{}}],"line":55},"4":{"loc":{"start":{"line":84,"column":4},"end":{"line":95,"column":5}},"type":"if","locations":[{"start":{"line":84,"column":4},"end":{"line":95,"column":5}},{"start":{},"end":{}}],"line":84},"5":{"loc":{"start":{"line":84,"column":8},"end":{"line":84,"column":35}},"type":"binary-expr","locations":[{"start":{"line":84,"column":8},"end":{"line":84,"column":14}},{"start":{"line":84,"column":18},"end":{"line":84,"column":35}}],"line":84},"6":{"loc":{"start":{"line":121,"column":4},"end":{"line":123,"column":5}},"type":"if","locations":[{"start":{"line":121,"column":4},"end":{"line":123,"column":5}},{"start":{},"end":{}}],"line":121},"7":{"loc":{"start":{"line":121,"column":8},"end":{"line":121,"column":27}},"type":"binary-expr","locations":[{"start":{"line":121,"column":8},"end":{"line":121,"column":14}},{"start":{"line":121,"column":18},"end":{"line":121,"column":27}}],"line":121},"8":{"loc":{"start":{"line":134,"column":4},"end":{"line":136,"column":5}},"type":"if","locations":[{"start":{"line":134,"column":4},"end":{"line":136,"column":5}},{"start":{},"end":{}}],"line":134},"9":{"loc":{"start":{"line":140,"column":4},"end":{"line":142,"column":5}},"type":"if","locations":[{"start":{"line":140,"column":4},"end":{"line":142,"column":5}},{"start":{},"end":{}}],"line":140},"10":{"loc":{"start":{"line":170,"column":4},"end":{"line":174,"column":5}},"type":"if","locations":[{"start":{"line":170,"column":4},"end":{"line":174,"column":5}},{"start":{"line":172,"column":11},"end":{"line":174,"column":5}}],"line":170}},"s":{"0":1,"1":1,"2":1,"3":1,"4":4,"5":4,"6":1,"7":3,"8":3,"9":3,"10":1,"11":2,"12":2,"13":1,"14":1,"15":1,"16":1,"17":1,"18":1,"19":1,"20":1,"21":1,"22":1,"23":1,"24":4,"25":4,"26":1,"27":3,"28":3,"29":2,"30":1,"31":1,"32":0,"33":1,"34":1,"35":1,"36":1,"37":1,"38":1,"39":2,"40":1,"41":1,"42":1,"43":1},"f":{"0":1,"1":4,"2":4,"3":2,"4":1},"b":{"0":[1,3],"1":[4,4,4,4,4,4,4,4,4,4],"2":[1,2],"3":[1,1],"4":[1,0],"5":[1,1],"6":[1,3],"7":[4,4],"8":[2,1],"9":[0,1],"10":[1,1]},"_coverageSchema":"1a1c01bbd47fc00a2c39e90264f33305004495a9","hash":"ab0e7627894c0a9b0cc9e15e9873d09f28c805e7"}
,"/Users/eliaberthier/Desktop/DWWM/seniorlove/seniorlove-back/senior-love-back/src/middlewares/jwtMiddleware.js": {"path":"/Users/eliaberthier/Desktop/DWWM/seniorlove/seniorlove-back/senior-love-back/src/middlewares/jwtMiddleware.js","statementMap":{"0":{"start":{"line":3,"column":18},"end":{"line":3,"column":40}},"1":{"start":{"line":7,"column":16},"end":{"line":7,"column":33}},"2":{"start":{"line":8,"column":2},"end":{"line":19,"column":3}},"3":{"start":{"line":9,"column":4},"end":{"line":16,"column":5}},"4":{"start":{"line":10,"column":25},"end":{"line":10,"column":53}},"5":{"start":{"line":11,"column":6},"end":{"line":11,"column":28}},"6":{"start":{"line":14,"column":6},"end":{"line":14,"column":40}},"7":{"start":{"line":15,"column":6},"end":{"line":15,"column":64}},"8":{"start":{"line":18,"column":4},"end":{"line":18,"column":64}},"9":{"start":{"line":20,"column":2},"end":{"line":20,"column":9}}},"fnMap":{"0":{"name":"jwtMiddleware","decl":{"start":{"line":6,"column":16},"end":{"line":6,"column":29}},"loc":{"start":{"line":6,"column":46},"end":{"line":21,"column":1}},"line":6}},"branchMap":{"0":{"loc":{"start":{"line":8,"column":2},"end":{"line":19,"column":3}},"type":"if","locations":[{"start":{"line":8,"column":2},"end":{"line":19,"column":3}},{"start":{"line":17,"column":9},"end":{"line":19,"column":3}}],"line":8}},"s":{"0":1,"1":3,"2":3,"3":2,"4":2,"5":1,"6":1,"7":1,"8":1,"9":1},"f":{"0":3},"b":{"0":[2,1]},"_coverageSchema":"1a1c01bbd47fc00a2c39e90264f33305004495a9","hash":"c064e7d0bdd7a835fc80781e3fbf1470ed9156fd"}
,"/Users/eliaberthier/Desktop/DWWM/seniorlove/seniorlove-back/senior-love-back/src/models/associations.js": {"path":"/Users/eliaberthier/Desktop/DWWM/seniorlove/seniorlove-back/senior-love-back/src/models/associations.js","statementMap":{"0":{"start":{"line":9,"column":0},"end":{"line":12,"column":3}},"1":{"start":{"line":13,"column":0},"end":{"line":16,"column":3}},"2":{"start":{"line":18,"column":0},"end":{"line":21,"column":3}},"3":{"start":{"line":22,"column":0},"end":{"line":25,"column":3}},"4":{"start":{"line":26,"column":0},"end":{"line":29,"column":3}},"5":{"start":{"line":30,"column":0},"end":{"line":33,"column":3}},"6":{"start":{"line":35,"column":0},"end":{"line":38,"column":3}},"7":{"start":{"line":39,"column":0},"end":{"line":42,"column":3}},"8":{"start":{"line":45,"column":0},"end":{"line":49,"column":3}},"9":{"start":{"line":50,"column":0},"end":{"line":54,"column":3}},"10":{"start":{"line":56,"column":0},"end":{"line":60,"column":3}},"11":{"start":{"line":61,"column":0},"end":{"line":65,"column":3}}},"fnMap":{},"branchMap":{},"s":{"0":1,"1":1,"2":1,"3":1,"4":1,"5":1,"6":1,"7":1,"8":1,"9":1,"10":1,"11":1},"f":{},"b":{},"_coverageSchema":"1a1c01bbd47fc00a2c39e90264f33305004495a9","hash":"5447fe0d992910b34c40330b89f4f19704c04cb5"}
,"/Users/eliaberthier/Desktop/DWWM/seniorlove/seniorlove-back/senior-love-back/src/models/event.model.js": {"path":"/Users/eliaberthier/Desktop/DWWM/seniorlove/seniorlove-back/senior-love-back/src/models/event.model.js","statementMap":{"0":{"start":{"line":6,"column":0},"end":{"line":55,"column":3}}},"fnMap":{},"branchMap":{},"s":{"0":1},"f":{},"b":{},"_coverageSchema":"1a1c01bbd47fc00a2c39e90264f33305004495a9","hash":"f081624b67e7f4d594a0e30fd1ac917d78e0ad8e"}
,"/Users/eliaberthier/Desktop/DWWM/seniorlove/seniorlove-back/senior-love-back/src/models/label.model.js": {"path":"/Users/eliaberthier/Desktop/DWWM/seniorlove/seniorlove-back/senior-love-back/src/models/label.model.js","statementMap":{"0":{"start":{"line":6,"column":0},"end":{"line":19,"column":3}}},"fnMap":{},"branchMap":{},"s":{"0":1},"f":{},"b":{},"_coverageSchema":"1a1c01bbd47fc00a2c39e90264f33305004495a9","hash":"5abe3564a10dc4df113dc4ec9c2e05a5cf609940"}
,"/Users/eliaberthier/Desktop/DWWM/seniorlove/seniorlove-back/senior-love-back/src/models/message.model.js": {"path":"/Users/eliaberthier/Desktop/DWWM/seniorlove/seniorlove-back/senior-love-back/src/models/message.model.js","statementMap":{"0":{"start":{"line":7,"column":0},"end":{"line":20,"column":3}}},"fnMap":{},"branchMap":{},"s":{"0":1},"f":{},"b":{},"_coverageSchema":"1a1c01bbd47fc00a2c39e90264f33305004495a9","hash":"972e48abecebd9c4f52517da2b5eab05bba5715b"}
,"/Users/eliaberthier/Desktop/DWWM/seniorlove/seniorlove-back/senior-love-back/src/models/role.model.js": {"path":"/Users/eliaberthier/Desktop/DWWM/seniorlove/seniorlove-back/senior-love-back/src/models/role.model.js","statementMap":{"0":{"start":{"line":7,"column":0},"end":{"line":20,"column":3}}},"fnMap":{},"branchMap":{},"s":{"0":1},"f":{},"b":{},"_coverageSchema":"1a1c01bbd47fc00a2c39e90264f33305004495a9","hash":"b7bd9532d9ebf64bcb6c88ab7b1483f257181077"}
,"/Users/eliaberthier/Desktop/DWWM/seniorlove/seniorlove-back/senior-love-back/src/models/user.model.js": {"path":"/Users/eliaberthier/Desktop/DWWM/seniorlove/seniorlove-back/senior-love-back/src/models/user.model.js","statementMap":{"0":{"start":{"line":6,"column":0},"end":{"line":86,"column":3}},"1":{"start":{"line":50,"column":23},"end":{"line":50,"column":50}},"2":{"start":{"line":51,"column":6},"end":{"line":51,"column":49}},"3":{"start":{"line":62,"column":23},"end":{"line":62,"column":47}},"4":{"start":{"line":63,"column":6},"end":{"line":63,"column":49}}},"fnMap":{"0":{"name":"(anonymous_0)","decl":{"start":{"line":49,"column":4},"end":{"line":49,"column":5}},"loc":{"start":{"line":49,"column":10},"end":{"line":52,"column":5}},"line":49},"1":{"name":"(anonymous_1)","decl":{"start":{"line":61,"column":4},"end":{"line":61,"column":5}},"loc":{"start":{"line":61,"column":10},"end":{"line":64,"column":5}},"line":61}},"branchMap":{"0":{"loc":{"start":{"line":51,"column":13},"end":{"line":51,"column":48}},"type":"cond-expr","locations":[{"start":{"line":51,"column":33},"end":{"line":51,"column":39}},{"start":{"line":51,"column":42},"end":{"line":51,"column":48}}],"line":51},"1":{"loc":{"start":{"line":63,"column":13},"end":{"line":63,"column":48}},"type":"cond-expr","locations":[{"start":{"line":63,"column":33},"end":{"line":63,"column":39}},{"start":{"line":63,"column":42},"end":{"line":63,"column":48}}],"line":63}},"s":{"0":1,"1":0,"2":0,"3":0,"4":0},"f":{"0":0,"1":0},"b":{"0":[0,0],"1":[0,0]},"_coverageSchema":"1a1c01bbd47fc00a2c39e90264f33305004495a9","hash":"1c4aab292ea61a7aa9fc72f6008256324e51e255"}
}
