TN:
SF:src/config/database.js
FNF:0
FNH:0
DA:5,1
DA:15,1
DA:16,1
DA:17,1
DA:19,0
LF:5
LH:4
BRF:0
BRH:0
end_of_record
TN:
SF:src/controllers/auth.controller.js
FN:8,(anonymous_0)
FN:21,(anonymous_1)
FN:117,(anonymous_2)
FN:169,(anonymous_3)
FN:177,(anonymous_4)
FNF:5
FNH:5
FNDA:1,(anonymous_0)
FNDA:4,(anonymous_1)
FNDA:4,(anonymous_2)
FNDA:2,(anonymous_3)
FNDA:1,(anonymous_4)
DA:8,1
DA:9,1
DA:16,1
DA:18,1
DA:22,4
DA:25,4
DA:26,1
DA:30,3
DA:31,3
DA:40,3
DA:41,1
DA:47,2
DA:55,2
DA:56,1
DA:60,1
DA:64,1
DA:84,1
DA:86,1
DA:94,1
DA:98,1
DA:101,1
DA:102,1
DA:103,1
DA:107,1
DA:118,4
DA:121,4
DA:122,1
DA:126,3
DA:134,3
DA:135,2
DA:139,1
DA:140,1
DA:141,0
DA:145,1
DA:153,1
DA:154,1
DA:155,1
DA:157,1
DA:160,1
DA:170,2
DA:171,1
DA:173,1
DA:178,1
DA:179,1
LF:44
LH:43
BRDA:25,0,0,1
BRDA:25,0,1,3
BRDA:25,1,0,4
BRDA:25,1,1,4
BRDA:25,1,2,4
BRDA:25,1,3,4
BRDA:25,1,4,4
BRDA:25,1,5,4
BRDA:25,1,6,4
BRDA:25,1,7,4
BRDA:25,1,8,4
BRDA:25,1,9,4
BRDA:40,2,0,1
BRDA:40,2,1,2
BRDA:55,3,0,1
BRDA:55,3,1,1
BRDA:84,4,0,1
BRDA:84,4,1,0
BRDA:84,5,0,1
BRDA:84,5,1,1
BRDA:121,6,0,1
BRDA:121,6,1,3
BRDA:121,7,0,4
BRDA:121,7,1,4
BRDA:134,8,0,2
BRDA:134,8,1,1
BRDA:140,9,0,0
BRDA:140,9,1,1
BRDA:170,10,0,1
BRDA:170,10,1,1
BRF:30
BRH:28
end_of_record
TN:
SF:src/middlewares/jwtMiddleware.js
FN:6,jwtMiddleware
FNF:1
FNH:1
FNDA:3,jwtMiddleware
DA:3,1
DA:7,3
DA:8,3
DA:9,2
DA:10,2
DA:11,1
DA:14,1
DA:15,1
DA:18,1
DA:20,1
LF:10
LH:10
BRDA:8,0,0,2
BRDA:8,0,1,1
BRF:2
BRH:2
end_of_record
TN:
SF:src/models/associations.js
FNF:0
FNH:0
DA:9,1
DA:13,1
DA:18,1
DA:22,1
DA:26,1
DA:30,1
DA:35,1
DA:39,1
DA:45,1
DA:50,1
DA:56,1
DA:61,1
LF:12
LH:12
BRF:0
BRH:0
end_of_record
TN:
SF:src/models/event.model.js
FNF:0
FNH:0
DA:6,1
LF:1
LH:1
BRF:0
BRH:0
end_of_record
TN:
SF:src/models/label.model.js
FNF:0
FNH:0
DA:6,1
LF:1
LH:1
BRF:0
BRH:0
end_of_record
TN:
SF:src/models/message.model.js
FNF:0
FNH:0
DA:7,1
LF:1
LH:1
BRF:0
BRH:0
end_of_record
TN:
SF:src/models/role.model.js
FNF:0
FNH:0
DA:7,1
LF:1
LH:1
BRF:0
BRH:0
end_of_record
TN:
SF:src/models/user.model.js
FNF:0
FNH:0
DA:6,1
LF:1
LH:1
BRF:0
BRH:0
end_of_record
